<?xml version="1.0" encoding="UTF-8"?>
<testng-results skipped="0" failed="0" total="1" passed="1">
  <reporter-output>
  </reporter-output>
  <suite name="Command line suite" duration-ms="14" started-at="2015-10-29T22:56:46Z" finished-at="2015-10-29T22:56:46Z">
    <groups>
    </groups>
    <test name="Command line test" duration-ms="14" started-at="2015-10-29T22:56:46Z" finished-at="2015-10-29T22:56:46Z">
      <class name="cz.muni.fi.pa165.project.AppTest">
        <test-method status="PASS" signature="testApp()[pri:0, instance:testApp(cz.muni.fi.pa165.project.AppTest)]" name="testApp" duration-ms="4" started-at="2015-10-29T23:56:46Z" finished-at="2015-10-29T23:56:46Z">
          <reporter-output>
          </reporter-output>
        </test-method> <!-- testApp -->
      </class> <!-- cz.muni.fi.pa165.project.AppTest -->
    </test> <!-- Command line test -->
  </suite> <!-- Command line suite -->
</testng-results>
