<?xml version="1.0" encoding="UTF-8"?>
<!-- Generated by org.testng.reporters.JUnitXMLReporter -->
<testsuite hostname="NeWeS" name="Command line test" tests="4" failures="0" timestamp="30 Oct 2015 11:03:13 GMT" time="1.062" errors="0">
  <testcase name="ServiceCheckInsertTest" time="0.953" classname="cz.muni.fi.pa165.project.ServiceCheckTest"/>
  <testcase name="findVehiclesAndServiceChecks" time="0.093" classname="cz.muni.fi.pa165.project.ServiceCheckTest"/>
  <testcase name="ServiceCheckUpdateTest" time="0.016" classname="cz.muni.fi.pa165.project.ServiceCheckTest"/>
  <testcase name="ServiceCheckDeleteTest" time="0.0" classname="cz.muni.fi.pa165.project.ServiceCheckTest"/>
</testsuite> <!-- Command line test -->
