<?xml version="1.0" encoding="UTF-8" ?>
<testsuite tests="8" failures="0" name="TestSuite" time="1.484" errors="0" skipped="0">
  <properties>
[...]
</properties>
  <testcase classname="cz.muni.fi.pa165.project.EmployeeTest" name="employeeCreateTest" time="1.061"/>
  <testcase classname="cz.muni.fi.pa165.project.ServiceCheckTest" name="ServiceCheckInsertTest" time="0.019"/>
  <testcase classname="cz.muni.fi.pa165.project.EmployeeTest" name="employeeFindTest" time="0.014"/>
  <testcase classname="cz.muni.fi.pa165.project.ServiceCheckTest" name="findAllVehiclesAndServiceChecks" time="0.019"/>
  <testcase classname="cz.muni.fi.pa165.project.EmployeeTest" name="employeeUpdateTest" time="0.007"/>
  <testcase classname="cz.muni.fi.pa165.project.ServiceCheckTest" name="ServiceCheckUpdateTest" time="0.007"/>
  <testcase classname="cz.muni.fi.pa165.project.EmployeeTest" name="employeeDeleteTest" time="0.004"/>
  <testcase classname="cz.muni.fi.pa165.project.ServiceCheckTest" name="ServiceCheckDeleteTest" time="0.007"/>
</testsuite>