<?xml version="1.0" encoding="UTF-8"?>
<!-- Generated by org.testng.reporters.JUnitXMLReporter -->
<testsuite hostname="NeWeS" name="Command line test" tests="10" failures="0" timestamp="30 Oct 2015 17:15:27 GMT" time="1.077" errors="0">
  <testcase name="employeeCreateTest" time="0.983" classname="cz.muni.fi.pa165.project.EmployeeTest"/>
  <testcase name="ServiceCheckInsertTest" time="0.031" classname="cz.muni.fi.pa165.project.ServiceCheckTest"/>
  <testcase name="employeeFindTest" time="0.0" classname="cz.muni.fi.pa165.project.EmployeeTest"/>
  <testcase name="findAllVehiclesAndServiceChecks" time="0.032" classname="cz.muni.fi.pa165.project.ServiceCheckTest"/>
  <testcase name="employeeUpdateTest" time="0.0" classname="cz.muni.fi.pa165.project.EmployeeTest"/>
  <testcase name="ServiceCheckUpdateTest" time="0.0" classname="cz.muni.fi.pa165.project.ServiceCheckTest"/>
  <testcase name="employeeDeleteTest" time="0.015" classname="cz.muni.fi.pa165.project.EmployeeTest"/>
  <testcase name="ServiceCheckDeleteTest" time="0.0" classname="cz.muni.fi.pa165.project.ServiceCheckTest"/>
  <testcase name="testDoubleDeletionException" time="0.0" classname="cz.muni.fi.pa165.project.ServiceCheckTest"/>
  <testcase name="testUpdateAfterDelete" time="0.0" classname="cz.muni.fi.pa165.project.ServiceCheckTest"/>
</testsuite> <!-- Command line test -->
