<?xml version="1.0" encoding="UTF-8"?>
<!-- Generated by org.testng.reporters.JUnitXMLReporter -->
<testsuite hostname="jakub-Satellite-L630" name="Command line test" tests="10" failures="0" timestamp="30 Oct 2015 22:25:25 GMT" time="2.519" errors="0">
  <testcase name="employeeCreateTest" time="2.181" classname="cz.muni.fi.pa165.project.EmployeeTest"/>
  <testcase name="ServiceCheckInsertTest" time="0.035" classname="cz.muni.fi.pa165.project.ServiceCheckTest"/>
  <testcase name="employeeFindTest" time="0.024" classname="cz.muni.fi.pa165.project.EmployeeTest"/>
  <testcase name="findAllVehiclesAndServiceChecks" time="0.078" classname="cz.muni.fi.pa165.project.ServiceCheckTest"/>
  <testcase name="employeeUpdateTest" time="0.022" classname="cz.muni.fi.pa165.project.EmployeeTest"/>
  <testcase name="ServiceCheckUpdateTest" time="0.047" classname="cz.muni.fi.pa165.project.ServiceCheckTest"/>
  <testcase name="employeeDeleteTest" time="0.02" classname="cz.muni.fi.pa165.project.EmployeeTest"/>
  <testcase name="ServiceCheckDeleteTest" time="0.046" classname="cz.muni.fi.pa165.project.ServiceCheckTest"/>
  <testcase name="testDoubleDeletionException" time="0.024" classname="cz.muni.fi.pa165.project.ServiceCheckTest"/>
  <testcase name="testUpdateAfterDelete" time="0.001" classname="cz.muni.fi.pa165.project.ServiceCheckTest"/>
</testsuite> <!-- Command line test -->
