<?xml version="1.0" encoding="UTF-8"?>
<!-- Generated by org.testng.reporters.JUnitXMLReporter -->
<testsuite hostname="jakub-Satellite-L630" name="Command line test" tests="8" failures="0" timestamp="30 Oct 2015 14:36:28 GMT" time="2.357" errors="0">
  <testcase name="employeeCreateTest" time="2.035" classname="cz.muni.fi.pa165.project.EmployeeTest"/>
  <testcase name="ServiceCheckInsertTest" time="0.039" classname="cz.muni.fi.pa165.project.ServiceCheckTest"/>
  <testcase name="employeeFindTest" time="0.025" classname="cz.muni.fi.pa165.project.EmployeeTest"/>
  <testcase name="findAllVehiclesAndServiceChecks" time="0.058" classname="cz.muni.fi.pa165.project.ServiceCheckTest"/>
  <testcase name="employeeUpdateTest" time="0.048" classname="cz.muni.fi.pa165.project.EmployeeTest"/>
  <testcase name="ServiceCheckUpdateTest" time="0.047" classname="cz.muni.fi.pa165.project.ServiceCheckTest"/>
  <testcase name="employeeDeleteTest" time="0.027" classname="cz.muni.fi.pa165.project.EmployeeTest"/>
  <testcase name="ServiceCheckDeleteTest" time="0.033" classname="cz.muni.fi.pa165.project.ServiceCheckTest"/>
</testsuite> <!-- Command line test -->
