<?xml version="1.0" encoding="UTF-8"?>
<!-- Generated by org.testng.reporters.JUnitXMLReporter -->
<testsuite hostname="jakub-Satellite-L630" name="Command line test" tests="10" failures="0" timestamp="30 Oct 2015 22:45:56 GMT" time="3.095" errors="0">
  <testcase name="employeeCreateTest" time="2.625" classname="cz.muni.fi.pa165.project.EmployeeTest"/>
  <testcase name="ServiceCheckInsertTest" time="0.064" classname="cz.muni.fi.pa165.project.ServiceCheckTest"/>
  <testcase name="employeeFindTest" time="0.042" classname="cz.muni.fi.pa165.project.EmployeeTest"/>
  <testcase name="findAllVehiclesAndServiceChecks" time="0.118" classname="cz.muni.fi.pa165.project.ServiceCheckTest"/>
  <testcase name="employeeUpdateTest" time="0.037" classname="cz.muni.fi.pa165.project.EmployeeTest"/>
  <testcase name="ServiceCheckUpdateTest" time="0.057" classname="cz.muni.fi.pa165.project.ServiceCheckTest"/>
  <testcase name="employeeDeleteTest" time="0.027" classname="cz.muni.fi.pa165.project.EmployeeTest"/>
  <testcase name="ServiceCheckDeleteTest" time="0.052" classname="cz.muni.fi.pa165.project.ServiceCheckTest"/>
  <testcase name="testDoubleDeletionException" time="0.019" classname="cz.muni.fi.pa165.project.ServiceCheckTest"/>
  <testcase name="testUpdateAfterDelete" time="0.001" classname="cz.muni.fi.pa165.project.ServiceCheckTest"/>
</testsuite> <!-- Command line test -->
