<?xml version="1.0" encoding="UTF-8"?>
<!-- Generated by org.testng.reporters.JUnitXMLReporter -->
<testsuite hostname="NeWeS" name="Command line test" tests="8" failures="0" timestamp="30 Oct 2015 14:47:37 GMT" time="1.16" errors="0">
  <testcase name="employeeCreateTest" time="1.06" classname="cz.muni.fi.pa165.project.EmployeeTest"/>
  <testcase name="ServiceCheckInsertTest" time="0.022" classname="cz.muni.fi.pa165.project.ServiceCheckTest"/>
  <testcase name="employeeFindTest" time="0.013" classname="cz.muni.fi.pa165.project.EmployeeTest"/>
  <testcase name="findAllVehiclesAndServiceChecks" time="0.019" classname="cz.muni.fi.pa165.project.ServiceCheckTest"/>
  <testcase name="employeeUpdateTest" time="0.006" classname="cz.muni.fi.pa165.project.EmployeeTest"/>
  <testcase name="ServiceCheckUpdateTest" time="0.007" classname="cz.muni.fi.pa165.project.ServiceCheckTest"/>
  <testcase name="employeeDeleteTest" time="0.004" classname="cz.muni.fi.pa165.project.EmployeeTest"/>
  <testcase name="ServiceCheckDeleteTest" time="0.007" classname="cz.muni.fi.pa165.project.ServiceCheckTest"/>
</testsuite> <!-- Command line test -->
